Error: 432
Descripcion: No se encontró el nombre del archivo o de la clase durante la operación de Automatización
Linea: 0
Componente: clsAudio.LoadWave
Fecha y Hora: 04-14-2021-15:03:53

Error: 432
Descripcion: No se encontró el nombre del archivo o de la clase durante la operación de Automatización
Linea: 0
Componente: clsAudio.LoadWave
Fecha y Hora: 04-14-2021-15:03:53

Error: 432
Descripcion: No se encontró el nombre del archivo o de la clase durante la operación de Automatización
Linea: 0
Componente: clsAudio.LoadWave
Fecha y Hora: 04-14-2021-15:03:53

Error: 432
Descripcion: No se encontró el nombre del archivo o de la clase durante la operación de Automatización
Linea: 0
Componente: clsAudio.LoadWave
Fecha y Hora: 04-14-2021-15:03:54

Error: 91
Descripcion: Variable de tipo Object o la variable de bloque With no está establecida
Linea: 0
Componente: clsAudio.LoadWave
Fecha y Hora: 04-14-2021-15:03:54

Error: 432
Descripcion: No se encontró el nombre del archivo o de la clase durante la operación de Automatización
Linea: 0
Componente: clsAudio.LoadWave
Fecha y Hora: 04-14-2021-15:03:54

Error: 432
Descripcion: No se encontró el nombre del archivo o de la clase durante la operación de Automatización
Linea: 0
Componente: clsAudio.LoadWave
Fecha y Hora: 04-14-2021-15:03:57

Error: 432
Descripcion: No se encontró el nombre del archivo o de la clase durante la operación de Automatización
Linea: 0
Componente: clsAudio.LoadWave
Fecha y Hora: 04-14-2021-15:03:57

Error: 432
Descripcion: No se encontró el nombre del archivo o de la clase durante la operación de Automatización
Linea: 0
Componente: clsAudio.LoadWave
Fecha y Hora: 04-14-2021-15:03:59

Error: 432
Descripcion: No se encontró el nombre del archivo o de la clase durante la operación de Automatización
Linea: 0
Componente: clsAudio.LoadWave
Fecha y Hora: 04-14-2021-15:04:00

Error: 432
Descripcion: No se encontró el nombre del archivo o de la clase durante la operación de Automatización
Linea: 0
Componente: clsAudio.LoadWave
Fecha y Hora: 04-14-2021-15:04:02

Error: 432
Descripcion: No se encontró el nombre del archivo o de la clase durante la operación de Automatización
Linea: 0
Componente: clsAudio.LoadWave
Fecha y Hora: 04-14-2021-15:04:07

Error: 91
Descripcion: Variable de tipo Object o la variable de bloque With no está establecida
Linea: 0
Componente: clsAudio.LoadWave
Fecha y Hora: 04-14-2021-15:04:07

Error: 91
Descripcion: Variable de tipo Object o la variable de bloque With no está establecida
Linea: 0
Componente: clsAudio.LoadWave
Fecha y Hora: 04-14-2021-15:04:07

Error: 91
Descripcion: Variable de tipo Object o la variable de bloque With no está establecida
Linea: 0
Componente: clsAudio.LoadWave
Fecha y Hora: 04-14-2021-15:04:07

Error: 432
Descripcion: No se encontró el nombre del archivo o de la clase durante la operación de Automatización
Linea: 0
Componente: clsAudio.LoadWave
Fecha y Hora: 04-14-2021-15:04:09

Error: 432
Descripcion: No se encontró el nombre del archivo o de la clase durante la operación de Automatización
Linea: 0
Componente: clsAudio.LoadWave
Fecha y Hora: 04-14-2021-15:04:14

Error: 91
Descripcion: Variable de tipo Object o la variable de bloque With no está establecida
Linea: 0
Componente: clsAudio.LoadWave
Fecha y Hora: 04-14-2021-15:04:14

Error: 91
Descripcion: Variable de tipo Object o la variable de bloque With no está establecida
Linea: 0
Componente: clsAudio.LoadWave
Fecha y Hora: 04-14-2021-15:04:14

Error: 91
Descripcion: Variable de tipo Object o la variable de bloque With no está establecida
Linea: 0
Componente: clsAudio.LoadWave
Fecha y Hora: 04-14-2021-15:04:14

Error: 91
Descripcion: Variable de tipo Object o la variable de bloque With no está establecida
Linea: 0
Componente: clsAudio.LoadWave
Fecha y Hora: 04-14-2021-15:04:14

Error: 91
Descripcion: Variable de tipo Object o la variable de bloque With no está establecida
Linea: 0
Componente: clsAudio.LoadWave
Fecha y Hora: 04-14-2021-15:04:14

Error: 91
Descripcion: Variable de tipo Object o la variable de bloque With no está establecida
Linea: 0
Componente: clsAudio.LoadWave
Fecha y Hora: 04-14-2021-15:04:15

Error: 91
Descripcion: Variable de tipo Object o la variable de bloque With no está establecida
Linea: 0
Componente: clsAudio.LoadWave
Fecha y Hora: 04-14-2021-15:04:15

Error: 91
Descripcion: Variable de tipo Object o la variable de bloque With no está establecida
Linea: 0
Componente: clsAudio.LoadWave
Fecha y Hora: 04-14-2021-15:04:15

Error: 91
Descripcion: Variable de tipo Object o la variable de bloque With no está establecida
Linea: 0
Componente: clsAudio.LoadWave
Fecha y Hora: 04-14-2021-15:04:15

Error: 91
Descripcion: Variable de tipo Object o la variable de bloque With no está establecida
Linea: 0
Componente: clsAudio.LoadWave
Fecha y Hora: 04-14-2021-15:04:16

Error: 91
Descripcion: Variable de tipo Object o la variable de bloque With no está establecida
Linea: 0
Componente: clsAudio.LoadWave
Fecha y Hora: 04-14-2021-15:04:19

Error: 91
Descripcion: Variable de tipo Object o la variable de bloque With no está establecida
Linea: 0
Componente: clsAudio.LoadWave
Fecha y Hora: 04-14-2021-15:04:19

Error: 91
Descripcion: Variable de tipo Object o la variable de bloque With no está establecida
Linea: 0
Componente: clsAudio.LoadWave
Fecha y Hora: 04-14-2021-15:04:20

Error: 432
Descripcion: No se encontró el nombre del archivo o de la clase durante la operación de Automatización
Linea: 0
Componente: clsAudio.LoadWave
Fecha y Hora: 04-14-2021-15:04:21

Error: 432
Descripcion: No se encontró el nombre del archivo o de la clase durante la operación de Automatización
Linea: 0
Componente: clsAudio.LoadWave
Fecha y Hora: 04-14-2021-15:04:22

Error: 432
Descripcion: No se encontró el nombre del archivo o de la clase durante la operación de Automatización
Linea: 0
Componente: clsAudio.LoadWave
Fecha y Hora: 04-14-2021-15:04:22

Error: 432
Descripcion: No se encontró el nombre del archivo o de la clase durante la operación de Automatización
Linea: 0
Componente: clsAudio.LoadWave
Fecha y Hora: 04-14-2021-15:04:23

Error: 432
Descripcion: No se encontró el nombre del archivo o de la clase durante la operación de Automatización
Linea: 0
Componente: clsAudio.LoadWave
Fecha y Hora: 04-14-2021-15:04:26

Error: 91
Descripcion: Variable de tipo Object o la variable de bloque With no está establecida
Linea: 0
Componente: clsAudio.LoadWave
Fecha y Hora: 04-14-2021-15:04:26

Error: 91
Descripcion: Variable de tipo Object o la variable de bloque With no está establecida
Linea: 0
Componente: clsAudio.LoadWave
Fecha y Hora: 04-14-2021-15:04:26

Error: 91
Descripcion: Variable de tipo Object o la variable de bloque With no está establecida
Linea: 0
Componente: clsAudio.LoadWave
Fecha y Hora: 04-14-2021-15:04:27

Error: 91
Descripcion: Variable de tipo Object o la variable de bloque With no está establecida
Linea: 0
Componente: clsAudio.LoadWave
Fecha y Hora: 04-14-2021-15:04:27

Error: 91
Descripcion: Variable de tipo Object o la variable de bloque With no está establecida
Linea: 0
Componente: clsAudio.LoadWave
Fecha y Hora: 04-14-2021-15:04:28

Error: 91
Descripcion: Variable de tipo Object o la variable de bloque With no está establecida
Linea: 0
Componente: clsAudio.LoadWave
Fecha y Hora: 04-14-2021-15:04:30

Error: 91
Descripcion: Variable de tipo Object o la variable de bloque With no está establecida
Linea: 0
Componente: clsAudio.LoadWave
Fecha y Hora: 04-14-2021-15:04:30

Error: 91
Descripcion: Variable de tipo Object o la variable de bloque With no está establecida
Linea: 0
Componente: clsAudio.LoadWave
Fecha y Hora: 04-14-2021-15:04:30

Error: 91
Descripcion: Variable de tipo Object o la variable de bloque With no está establecida
Linea: 0
Componente: clsAudio.LoadWave
Fecha y Hora: 04-14-2021-15:04:30

Error: 91
Descripcion: Variable de tipo Object o la variable de bloque With no está establecida
Linea: 0
Componente: clsAudio.LoadWave
Fecha y Hora: 04-14-2021-15:04:30

Error: 91
Descripcion: Variable de tipo Object o la variable de bloque With no está establecida
Linea: 0
Componente: clsAudio.LoadWave
Fecha y Hora: 04-14-2021-15:04:31

Error: 91
Descripcion: Variable de tipo Object o la variable de bloque With no está establecida
Linea: 0
Componente: clsAudio.LoadWave
Fecha y Hora: 04-14-2021-15:04:31

Error: 91
Descripcion: Variable de tipo Object o la variable de bloque With no está establecida
Linea: 0
Componente: clsAudio.LoadWave
Fecha y Hora: 04-14-2021-15:04:31

Error: 91
Descripcion: Variable de tipo Object o la variable de bloque With no está establecida
Linea: 0
Componente: clsAudio.LoadWave
Fecha y Hora: 04-14-2021-15:04:31

Error: 91
Descripcion: Variable de tipo Object o la variable de bloque With no está establecida
Linea: 0
Componente: clsAudio.LoadWave
Fecha y Hora: 04-14-2021-15:04:31

Error: 91
Descripcion: Variable de tipo Object o la variable de bloque With no está establecida
Linea: 0
Componente: clsAudio.LoadWave
Fecha y Hora: 04-14-2021-15:04:32

Error: 91
Descripcion: Variable de tipo Object o la variable de bloque With no está establecida
Linea: 0
Componente: clsAudio.LoadWave
Fecha y Hora: 04-14-2021-15:04:32

Error: 91
Descripcion: Variable de tipo Object o la variable de bloque With no está establecida
Linea: 0
Componente: clsAudio.LoadWave
Fecha y Hora: 04-14-2021-15:04:32

Error: 91
Descripcion: Variable de tipo Object o la variable de bloque With no está establecida
Linea: 0
Componente: clsAudio.LoadWave
Fecha y Hora: 04-14-2021-15:04:32

Error: 91
Descripcion: Variable de tipo Object o la variable de bloque With no está establecida
Linea: 0
Componente: clsAudio.LoadWave
Fecha y Hora: 04-14-2021-15:04:32

Error: 91
Descripcion: Variable de tipo Object o la variable de bloque With no está establecida
Linea: 0
Componente: clsAudio.LoadWave
Fecha y Hora: 04-14-2021-15:04:32

Error: 91
Descripcion: Variable de tipo Object o la variable de bloque With no está establecida
Linea: 0
Componente: clsAudio.LoadWave
Fecha y Hora: 04-14-2021-15:04:32

Error: 91
Descripcion: Variable de tipo Object o la variable de bloque With no está establecida
Linea: 0
Componente: clsAudio.LoadWave
Fecha y Hora: 04-14-2021-15:04:32

Error: 432
Descripcion: No se encontró el nombre del archivo o de la clase durante la operación de Automatización
Linea: 0
Componente: clsAudio.LoadWave
Fecha y Hora: 04-14-2021-15:04:33

Error: 432
Descripcion: No se encontró el nombre del archivo o de la clase durante la operación de Automatización
Linea: 0
Componente: clsAudio.LoadWave
Fecha y Hora: 04-14-2021-15:04:34

Error: 432
Descripcion: No se encontró el nombre del archivo o de la clase durante la operación de Automatización
Linea: 0
Componente: clsAudio.LoadWave
Fecha y Hora: 04-14-2021-15:04:45

Error: 91
Descripcion: Variable de tipo Object o la variable de bloque With no está establecida
Linea: 0
Componente: clsAudio.LoadWave
Fecha y Hora: 04-14-2021-15:04:57

Error: 91
Descripcion: Variable de tipo Object o la variable de bloque With no está establecida
Linea: 0
Componente: clsAudio.LoadWave
Fecha y Hora: 04-14-2021-15:05:09

Error: 91
Descripcion: Variable de tipo Object o la variable de bloque With no está establecida
Linea: 0
Componente: clsAudio.LoadWave
Fecha y Hora: 04-14-2021-15:05:21

Error: 91
Descripcion: Variable de tipo Object o la variable de bloque With no está establecida
Linea: 0
Componente: clsAudio.LoadWave
Fecha y Hora: 04-14-2021-15:05:33

Error: 432
Descripcion: No se encontró el nombre del archivo o de la clase durante la operación de Automatización
Linea: 0
Componente: clsAudio.LoadWave
Fecha y Hora: 04-14-2021-17:57:33

Error: 91
Descripcion: Variable de tipo Object o la variable de bloque With no está establecida
Linea: 0
Componente: clsAudio.LoadWave
Fecha y Hora: 04-14-2021-17:57:34

Error: 91
Descripcion: Variable de tipo Object o la variable de bloque With no está establecida
Linea: 0
Componente: clsAudio.LoadWave
Fecha y Hora: 04-14-2021-17:57:34

Error: 91
Descripcion: Variable de tipo Object o la variable de bloque With no está establecida
Linea: 0
Componente: clsAudio.LoadWave
Fecha y Hora: 04-14-2021-17:57:35

Error: 432
Descripcion: No se encontró el nombre del archivo o de la clase durante la operación de Automatización
Linea: 0
Componente: clsAudio.LoadWave
Fecha y Hora: 04-14-2021-17:57:35

Error: 432
Descripcion: No se encontró el nombre del archivo o de la clase durante la operación de Automatización
Linea: 0
Componente: clsAudio.LoadWave
Fecha y Hora: 04-14-2021-17:57:35

Error: 432
Descripcion: No se encontró el nombre del archivo o de la clase durante la operación de Automatización
Linea: 0
Componente: clsAudio.LoadWave
Fecha y Hora: 04-14-2021-17:57:35

Error: 91
Descripcion: Variable de tipo Object o la variable de bloque With no está establecida
Linea: 0
Componente: clsAudio.LoadWave
Fecha y Hora: 04-14-2021-17:57:36

Error: 432
Descripcion: No se encontró el nombre del archivo o de la clase durante la operación de Automatización
Linea: 0
Componente: clsAudio.LoadWave
Fecha y Hora: 04-14-2021-17:57:37

Error: 432
Descripcion: No se encontró el nombre del archivo o de la clase durante la operación de Automatización
Linea: 0
Componente: clsAudio.LoadWave
Fecha y Hora: 04-14-2021-17:57:45

Error: 432
Descripcion: No se encontró el nombre del archivo o de la clase durante la operación de Automatización
Linea: 0
Componente: clsAudio.LoadWave
Fecha y Hora: 04-14-2021-17:57:46

Error: 432
Descripcion: No se encontró el nombre del archivo o de la clase durante la operación de Automatización
Linea: 0
Componente: clsAudio.LoadWave
Fecha y Hora: 04-14-2021-17:59:58

Error: 432
Descripcion: No se encontró el nombre del archivo o de la clase durante la operación de Automatización
Linea: 0
Componente: clsAudio.LoadWave
Fecha y Hora: 04-14-2021-17:59:58

Error: 432
Descripcion: No se encontró el nombre del archivo o de la clase durante la operación de Automatización
Linea: 0
Componente: clsAudio.LoadWave
Fecha y Hora: 04-14-2021-17:59:59

Error: 432
Descripcion: No se encontró el nombre del archivo o de la clase durante la operación de Automatización
Linea: 0
Componente: clsAudio.LoadWave
Fecha y Hora: 04-14-2021-18:00:06

Error: 432
Descripcion: No se encontró el nombre del archivo o de la clase durante la operación de Automatización
Linea: 0
Componente: clsAudio.LoadWave
Fecha y Hora: 04-14-2021-18:00:06

Error: 432
Descripcion: No se encontró el nombre del archivo o de la clase durante la operación de Automatización
Linea: 0
Componente: clsAudio.LoadWave
Fecha y Hora: 04-14-2021-18:00:06

Error: 432
Descripcion: No se encontró el nombre del archivo o de la clase durante la operación de Automatización
Linea: 0
Componente: clsAudio.LoadWave
Fecha y Hora: 04-14-2021-18:00:07

Error: 91
Descripcion: Variable de tipo Object o la variable de bloque With no está establecida
Linea: 0
Componente: clsAudio.LoadWave
Fecha y Hora: 04-14-2021-18:00:07

Error: 432
Descripcion: No se encontró el nombre del archivo o de la clase durante la operación de Automatización
Linea: 0
Componente: clsAudio.LoadWave
Fecha y Hora: 04-14-2021-18:00:08

Error: 432
Descripcion: No se encontró el nombre del archivo o de la clase durante la operación de Automatización
Linea: 0
Componente: clsAudio.LoadWave
Fecha y Hora: 04-14-2021-18:00:10

Error: 432
Descripcion: No se encontró el nombre del archivo o de la clase durante la operación de Automatización
Linea: 0
Componente: clsAudio.LoadWave
Fecha y Hora: 04-14-2021-18:00:11

Error: 432
Descripcion: No se encontró el nombre del archivo o de la clase durante la operación de Automatización
Linea: 0
Componente: clsAudio.LoadWave
Fecha y Hora: 04-14-2021-18:03:53

Error: 432
Descripcion: No se encontró el nombre del archivo o de la clase durante la operación de Automatización
Linea: 0
Componente: clsAudio.LoadWave
Fecha y Hora: 04-14-2021-18:03:53

Error: 432
Descripcion: No se encontró el nombre del archivo o de la clase durante la operación de Automatización
Linea: 0
Componente: clsAudio.LoadWave
Fecha y Hora: 04-14-2021-18:03:53

Error: 432
Descripcion: No se encontró el nombre del archivo o de la clase durante la operación de Automatización
Linea: 0
Componente: clsAudio.LoadWave
Fecha y Hora: 04-14-2021-18:03:54

Error: 91
Descripcion: Variable de tipo Object o la variable de bloque With no está establecida
Linea: 0
Componente: clsAudio.LoadWave
Fecha y Hora: 04-14-2021-18:03:54

Error: 432
Descripcion: No se encontró el nombre del archivo o de la clase durante la operación de Automatización
Linea: 0
Componente: clsAudio.LoadWave
Fecha y Hora: 04-14-2021-18:03:55

Error: 432
Descripcion: No se encontró el nombre del archivo o de la clase durante la operación de Automatización
Linea: 0
Componente: clsAudio.LoadWave
Fecha y Hora: 04-14-2021-18:04:04

Error: 91
Descripcion: Variable de tipo Object o la variable de bloque With no está establecida
Linea: 0
Componente: clsAudio.LoadWave
Fecha y Hora: 04-14-2021-18:04:05

Error: 432
Descripcion: No se encontró el nombre del archivo o de la clase durante la operación de Automatización
Linea: 0
Componente: clsAudio.LoadWave
Fecha y Hora: 04-14-2021-18:04:05

Error: 432
Descripcion: No se encontró el nombre del archivo o de la clase durante la operación de Automatización
Linea: 0
Componente: clsAudio.LoadWave
Fecha y Hora: 04-14-2021-18:04:09

Error: 432
Descripcion: No se encontró el nombre del archivo o de la clase durante la operación de Automatización
Linea: 0
Componente: clsAudio.LoadWave
Fecha y Hora: 04-14-2021-18:11:19

Error: 432
Descripcion: No se encontró el nombre del archivo o de la clase durante la operación de Automatización
Linea: 0
Componente: clsAudio.LoadWave
Fecha y Hora: 04-14-2021-18:11:31

Error: 432
Descripcion: No se encontró el nombre del archivo o de la clase durante la operación de Automatización
Linea: 0
Componente: clsAudio.LoadWave
Fecha y Hora: 04-14-2021-18:11:43

Error: 432
Descripcion: No se encontró el nombre del archivo o de la clase durante la operación de Automatización
Linea: 0
Componente: clsAudio.LoadWave
Fecha y Hora: 04-14-2021-18:11:55

Error: 432
Descripcion: No se encontró el nombre del archivo o de la clase durante la operación de Automatización
Linea: 0
Componente: clsAudio.LoadWave
Fecha y Hora: 04-14-2021-18:12:07

Error: 432
Descripcion: No se encontró el nombre del archivo o de la clase durante la operación de Automatización
Linea: 0
Componente: clsAudio.LoadWave
Fecha y Hora: 04-14-2021-18:12:19

Error: 432
Descripcion: No se encontró el nombre del archivo o de la clase durante la operación de Automatización
Linea: 0
Componente: clsAudio.LoadWave
Fecha y Hora: 04-14-2021-18:12:31

Error: 432
Descripcion: No se encontró el nombre del archivo o de la clase durante la operación de Automatización
Linea: 0
Componente: clsAudio.LoadWave
Fecha y Hora: 04-14-2021-18:12:43

Error: 432
Descripcion: No se encontró el nombre del archivo o de la clase durante la operación de Automatización
Linea: 0
Componente: clsAudio.LoadWave
Fecha y Hora: 04-14-2021-18:12:55

Error: 432
Descripcion: No se encontró el nombre del archivo o de la clase durante la operación de Automatización
Linea: 0
Componente: clsAudio.LoadWave
Fecha y Hora: 04-14-2021-18:13:07

Error: 432
Descripcion: No se encontró el nombre del archivo o de la clase durante la operación de Automatización
Linea: 0
Componente: clsAudio.LoadWave
Fecha y Hora: 04-14-2021-18:13:16

Error: 432
Descripcion: No se encontró el nombre del archivo o de la clase durante la operación de Automatización
Linea: 0
Componente: clsAudio.LoadWave
Fecha y Hora: 04-14-2021-18:13:19

Error: 432
Descripcion: No se encontró el nombre del archivo o de la clase durante la operación de Automatización
Linea: 0
Componente: clsAudio.LoadWave
Fecha y Hora: 04-14-2021-18:13:26

Error: 432
Descripcion: No se encontró el nombre del archivo o de la clase durante la operación de Automatización
Linea: 0
Componente: clsAudio.LoadWave
Fecha y Hora: 04-14-2021-18:13:31

Error: 432
Descripcion: No se encontró el nombre del archivo o de la clase durante la operación de Automatización
Linea: 0
Componente: clsAudio.LoadWave
Fecha y Hora: 04-14-2021-18:13:38

Error: 432
Descripcion: No se encontró el nombre del archivo o de la clase durante la operación de Automatización
Linea: 0
Componente: clsAudio.LoadWave
Fecha y Hora: 04-14-2021-18:13:43

Error: 432
Descripcion: No se encontró el nombre del archivo o de la clase durante la operación de Automatización
Linea: 0
Componente: clsAudio.LoadWave
Fecha y Hora: 04-14-2021-18:13:45

Error: 432
Descripcion: No se encontró el nombre del archivo o de la clase durante la operación de Automatización
Linea: 0
Componente: clsAudio.LoadWave
Fecha y Hora: 04-14-2021-18:13:55

Error: 432
Descripcion: No se encontró el nombre del archivo o de la clase durante la operación de Automatización
Linea: 0
Componente: clsAudio.LoadWave
Fecha y Hora: 04-14-2021-18:14:06

Error: 432
Descripcion: No se encontró el nombre del archivo o de la clase durante la operación de Automatización
Linea: 0
Componente: clsAudio.LoadWave
Fecha y Hora: 04-14-2021-18:14:07

Error: 432
Descripcion: No se encontró el nombre del archivo o de la clase durante la operación de Automatización
Linea: 0
Componente: clsAudio.LoadWave
Fecha y Hora: 04-14-2021-18:14:19

Error: 432
Descripcion: No se encontró el nombre del archivo o de la clase durante la operación de Automatización
Linea: 0
Componente: clsAudio.LoadWave
Fecha y Hora: 04-14-2021-18:14:31

Error: 432
Descripcion: No se encontró el nombre del archivo o de la clase durante la operación de Automatización
Linea: 0
Componente: clsAudio.LoadWave
Fecha y Hora: 04-14-2021-18:14:39

Error: 432
Descripcion: No se encontró el nombre del archivo o de la clase durante la operación de Automatización
Linea: 0
Componente: clsAudio.LoadWave
Fecha y Hora: 04-14-2021-18:14:43

Error: 432
Descripcion: No se encontró el nombre del archivo o de la clase durante la operación de Automatización
Linea: 0
Componente: clsAudio.LoadWave
Fecha y Hora: 04-14-2021-18:14:49

Error: 432
Descripcion: No se encontró el nombre del archivo o de la clase durante la operación de Automatización
Linea: 0
Componente: clsAudio.LoadWave
Fecha y Hora: 04-14-2021-18:14:54

Error: 91
Descripcion: Variable de tipo Object o la variable de bloque With no está establecida
Linea: 0
Componente: clsAudio.LoadWave
Fecha y Hora: 04-14-2021-18:14:55

Error: 432
Descripcion: No se encontró el nombre del archivo o de la clase durante la operación de Automatización
Linea: 0
Componente: clsAudio.LoadWave
Fecha y Hora: 04-14-2021-18:14:55

Error: 432
Descripcion: No se encontró el nombre del archivo o de la clase durante la operación de Automatización
Linea: 0
Componente: clsAudio.LoadWave
Fecha y Hora: 04-14-2021-18:14:55

Error: 91
Descripcion: Variable de tipo Object o la variable de bloque With no está establecida
Linea: 0
Componente: clsAudio.LoadWave
Fecha y Hora: 04-14-2021-18:14:56

Error: 91
Descripcion: Variable de tipo Object o la variable de bloque With no está establecida
Linea: 0
Componente: clsAudio.LoadWave
Fecha y Hora: 04-14-2021-18:14:57

Error: 91
Descripcion: Variable de tipo Object o la variable de bloque With no está establecida
Linea: 0
Componente: clsAudio.LoadWave
Fecha y Hora: 04-14-2021-18:14:57

Error: 432
Descripcion: No se encontró el nombre del archivo o de la clase durante la operación de Automatización
Linea: 0
Componente: clsAudio.LoadWave
Fecha y Hora: 04-14-2021-18:15:07

Error: 432
Descripcion: No se encontró el nombre del archivo o de la clase durante la operación de Automatización
Linea: 0
Componente: clsAudio.LoadWave
Fecha y Hora: 04-14-2021-18:19:21

Error: 432
Descripcion: No se encontró el nombre del archivo o de la clase durante la operación de Automatización
Linea: 0
Componente: clsAudio.LoadWave
Fecha y Hora: 04-14-2021-18:20:21

Error: 91
Descripcion: Variable de tipo Object o la variable de bloque With no está establecida
Linea: 0
Componente: clsAudio.LoadWave
Fecha y Hora: 04-14-2021-18:20:33

Error: 91
Descripcion: Variable de tipo Object o la variable de bloque With no está establecida
Linea: 0
Componente: clsAudio.LoadWave
Fecha y Hora: 04-14-2021-18:20:45

Error: 91
Descripcion: Variable de tipo Object o la variable de bloque With no está establecida
Linea: 0
Componente: clsAudio.LoadWave
Fecha y Hora: 04-14-2021-18:20:57

Error: 91
Descripcion: Variable de tipo Object o la variable de bloque With no está establecida
Linea: 0
Componente: clsAudio.LoadWave
Fecha y Hora: 04-14-2021-18:21:09

Error: 91
Descripcion: Variable de tipo Object o la variable de bloque With no está establecida
Linea: 0
Componente: clsAudio.LoadWave
Fecha y Hora: 04-14-2021-18:21:21

Error: 91
Descripcion: Variable de tipo Object o la variable de bloque With no está establecida
Linea: 0
Componente: clsAudio.LoadWave
Fecha y Hora: 04-14-2021-18:21:33

Error: 91
Descripcion: Variable de tipo Object o la variable de bloque With no está establecida
Linea: 0
Componente: clsAudio.LoadWave
Fecha y Hora: 04-14-2021-18:21:45

Error: 91
Descripcion: Variable de tipo Object o la variable de bloque With no está establecida
Linea: 0
Componente: clsAudio.LoadWave
Fecha y Hora: 04-14-2021-18:21:57

Error: 91
Descripcion: Variable de tipo Object o la variable de bloque With no está establecida
Linea: 0
Componente: clsAudio.LoadWave
Fecha y Hora: 04-14-2021-18:22:09

Error: 91
Descripcion: Variable de tipo Object o la variable de bloque With no está establecida
Linea: 0
Componente: clsAudio.LoadWave
Fecha y Hora: 04-14-2021-18:22:21

Error: 91
Descripcion: Variable de tipo Object o la variable de bloque With no está establecida
Linea: 0
Componente: clsAudio.LoadWave
Fecha y Hora: 04-14-2021-18:22:33

Error: 91
Descripcion: Variable de tipo Object o la variable de bloque With no está establecida
Linea: 0
Componente: clsAudio.LoadWave
Fecha y Hora: 04-14-2021-18:22:45

Error: 91
Descripcion: Variable de tipo Object o la variable de bloque With no está establecida
Linea: 0
Componente: clsAudio.LoadWave
Fecha y Hora: 04-14-2021-18:22:57

Error: 91
Descripcion: Variable de tipo Object o la variable de bloque With no está establecida
Linea: 0
Componente: clsAudio.LoadWave
Fecha y Hora: 04-14-2021-18:23:09

Error: 91
Descripcion: Variable de tipo Object o la variable de bloque With no está establecida
Linea: 0
Componente: clsAudio.LoadWave
Fecha y Hora: 04-14-2021-18:23:21

Error: 91
Descripcion: Variable de tipo Object o la variable de bloque With no está establecida
Linea: 0
Componente: clsAudio.LoadWave
Fecha y Hora: 04-14-2021-18:23:33

Error: 91
Descripcion: Variable de tipo Object o la variable de bloque With no está establecida
Linea: 0
Componente: clsAudio.LoadWave
Fecha y Hora: 04-14-2021-18:23:45

Error: 91
Descripcion: Variable de tipo Object o la variable de bloque With no está establecida
Linea: 0
Componente: clsAudio.LoadWave
Fecha y Hora: 04-14-2021-18:23:57

Error: 91
Descripcion: Variable de tipo Object o la variable de bloque With no está establecida
Linea: 0
Componente: clsAudio.LoadWave
Fecha y Hora: 04-14-2021-18:24:10

Error: 91
Descripcion: Variable de tipo Object o la variable de bloque With no está establecida
Linea: 0
Componente: clsAudio.LoadWave
Fecha y Hora: 04-14-2021-18:24:22

Error: 91
Descripcion: Variable de tipo Object o la variable de bloque With no está establecida
Linea: 0
Componente: clsAudio.LoadWave
Fecha y Hora: 04-14-2021-18:24:34

Error: 91
Descripcion: Variable de tipo Object o la variable de bloque With no está establecida
Linea: 0
Componente: clsAudio.LoadWave
Fecha y Hora: 04-14-2021-18:24:46

Error: 91
Descripcion: Variable de tipo Object o la variable de bloque With no está establecida
Linea: 0
Componente: clsAudio.LoadWave
Fecha y Hora: 04-14-2021-18:24:58

Error: 91
Descripcion: Variable de tipo Object o la variable de bloque With no está establecida
Linea: 0
Componente: clsAudio.LoadWave
Fecha y Hora: 04-14-2021-18:25:10

Error: 91
Descripcion: Variable de tipo Object o la variable de bloque With no está establecida
Linea: 0
Componente: clsAudio.LoadWave
Fecha y Hora: 04-14-2021-18:25:22

Error: 91
Descripcion: Variable de tipo Object o la variable de bloque With no está establecida
Linea: 0
Componente: clsAudio.LoadWave
Fecha y Hora: 04-14-2021-18:25:34

Error: 91
Descripcion: Variable de tipo Object o la variable de bloque With no está establecida
Linea: 0
Componente: clsAudio.LoadWave
Fecha y Hora: 04-14-2021-18:25:46

Error: 91
Descripcion: Variable de tipo Object o la variable de bloque With no está establecida
Linea: 0
Componente: clsAudio.LoadWave
Fecha y Hora: 04-14-2021-18:25:58

Error: 91
Descripcion: Variable de tipo Object o la variable de bloque With no está establecida
Linea: 0
Componente: clsAudio.LoadWave
Fecha y Hora: 04-14-2021-18:26:10

Error: 91
Descripcion: Variable de tipo Object o la variable de bloque With no está establecida
Linea: 0
Componente: clsAudio.LoadWave
Fecha y Hora: 04-14-2021-18:26:22

Error: 91
Descripcion: Variable de tipo Object o la variable de bloque With no está establecida
Linea: 0
Componente: clsAudio.LoadWave
Fecha y Hora: 04-14-2021-18:26:34

Error: 91
Descripcion: Variable de tipo Object o la variable de bloque With no está establecida
Linea: 0
Componente: clsAudio.LoadWave
Fecha y Hora: 04-14-2021-18:26:46

Error: 91
Descripcion: Variable de tipo Object o la variable de bloque With no está establecida
Linea: 0
Componente: clsAudio.LoadWave
Fecha y Hora: 04-14-2021-18:26:58

Error: 432
Descripcion: No se encontró el nombre del archivo o de la clase durante la operación de Automatización
Linea: 0
Componente: clsAudio.LoadWave
Fecha y Hora: 04-14-2021-18:27:10

Error: 91
Descripcion: Variable de tipo Object o la variable de bloque With no está establecida
Linea: 0
Componente: clsAudio.LoadWave
Fecha y Hora: 04-14-2021-18:27:22

Error: 91
Descripcion: Variable de tipo Object o la variable de bloque With no está establecida
Linea: 0
Componente: clsAudio.LoadWave
Fecha y Hora: 04-14-2021-18:27:34

Error: 91
Descripcion: Variable de tipo Object o la variable de bloque With no está establecida
Linea: 0
Componente: clsAudio.LoadWave
Fecha y Hora: 04-14-2021-18:27:46

Error: 91
Descripcion: Variable de tipo Object o la variable de bloque With no está establecida
Linea: 0
Componente: clsAudio.LoadWave
Fecha y Hora: 04-14-2021-18:27:58

Error: 91
Descripcion: Variable de tipo Object o la variable de bloque With no está establecida
Linea: 0
Componente: clsAudio.LoadWave
Fecha y Hora: 04-14-2021-18:28:10

Error: 91
Descripcion: Variable de tipo Object o la variable de bloque With no está establecida
Linea: 0
Componente: clsAudio.LoadWave
Fecha y Hora: 04-14-2021-18:28:22

Error: 91
Descripcion: Variable de tipo Object o la variable de bloque With no está establecida
Linea: 0
Componente: clsAudio.LoadWave
Fecha y Hora: 04-14-2021-18:28:34

Error: 91
Descripcion: Variable de tipo Object o la variable de bloque With no está establecida
Linea: 0
Componente: clsAudio.LoadWave
Fecha y Hora: 04-14-2021-18:28:46

Error: 91
Descripcion: Variable de tipo Object o la variable de bloque With no está establecida
Linea: 0
Componente: clsAudio.LoadWave
Fecha y Hora: 04-14-2021-18:28:58

Error: 91
Descripcion: Variable de tipo Object o la variable de bloque With no está establecida
Linea: 0
Componente: clsAudio.LoadWave
Fecha y Hora: 04-14-2021-18:29:10

Error: 91
Descripcion: Variable de tipo Object o la variable de bloque With no está establecida
Linea: 0
Componente: clsAudio.LoadWave
Fecha y Hora: 04-14-2021-18:29:22

Error: 91
Descripcion: Variable de tipo Object o la variable de bloque With no está establecida
Linea: 0
Componente: clsAudio.LoadWave
Fecha y Hora: 04-14-2021-18:29:34

Error: 91
Descripcion: Variable de tipo Object o la variable de bloque With no está establecida
Linea: 0
Componente: clsAudio.LoadWave
Fecha y Hora: 04-14-2021-18:29:46

Error: 432
Descripcion: No se encontró el nombre del archivo o de la clase durante la operación de Automatización
Linea: 0
Componente: clsAudio.LoadWave
Fecha y Hora: 04-14-2021-18:29:47

Error: 432
Descripcion: No se encontró el nombre del archivo o de la clase durante la operación de Automatización
Linea: 0
Componente: clsAudio.LoadWave
Fecha y Hora: 04-14-2021-18:29:58

Error: 91
Descripcion: Variable de tipo Object o la variable de bloque With no está establecida
Linea: 0
Componente: clsAudio.LoadWave
Fecha y Hora: 04-14-2021-18:30:10

Error: 432
Descripcion: No se encontró el nombre del archivo o de la clase durante la operación de Automatización
Linea: 0
Componente: clsAudio.LoadWave
Fecha y Hora: 04-14-2021-18:39:28

Error: 432
Descripcion: No se encontró el nombre del archivo o de la clase durante la operación de Automatización
Linea: 0
Componente: clsAudio.LoadWave
Fecha y Hora: 04-14-2021-18:39:32

Error: 91
Descripcion: Variable de tipo Object o la variable de bloque With no está establecida
Linea: 0
Componente: clsAudio.LoadWave
Fecha y Hora: 04-14-2021-18:39:39

Error: 432
Descripcion: No se encontró el nombre del archivo o de la clase durante la operación de Automatización
Linea: 0
Componente: clsAudio.LoadWave
Fecha y Hora: 04-14-2021-18:39:40

Error: 432
Descripcion: No se encontró el nombre del archivo o de la clase durante la operación de Automatización
Linea: 0
Componente: clsAudio.LoadWave
Fecha y Hora: 04-14-2021-18:39:49

Error: 432
Descripcion: No se encontró el nombre del archivo o de la clase durante la operación de Automatización
Linea: 0
Componente: clsAudio.LoadWave
Fecha y Hora: 04-14-2021-18:39:52

Error: 91
Descripcion: Variable de tipo Object o la variable de bloque With no está establecida
Linea: 0
Componente: clsAudio.LoadWave
Fecha y Hora: 04-14-2021-18:40:04

Error: 432
Descripcion: No se encontró el nombre del archivo o de la clase durante la operación de Automatización
Linea: 0
Componente: clsAudio.LoadWave
Fecha y Hora: 04-14-2021-18:42:51

Error: 432
Descripcion: No se encontró el nombre del archivo o de la clase durante la operación de Automatización
Linea: 0
Componente: clsAudio.LoadWave
Fecha y Hora: 04-14-2021-18:42:53

Error: 432
Descripcion: No se encontró el nombre del archivo o de la clase durante la operación de Automatización
Linea: 0
Componente: clsAudio.LoadWave
Fecha y Hora: 04-14-2021-18:43:03

Error: 91
Descripcion: Variable de tipo Object o la variable de bloque With no está establecida
Linea: 0
Componente: clsAudio.LoadWave
Fecha y Hora: 04-14-2021-18:43:15

Error: 91
Descripcion: Variable de tipo Object o la variable de bloque With no está establecida
Linea: 0
Componente: clsAudio.LoadWave
Fecha y Hora: 04-14-2021-18:43:27

Error: 91
Descripcion: Variable de tipo Object o la variable de bloque With no está establecida
Linea: 0
Componente: clsAudio.LoadWave
Fecha y Hora: 04-14-2021-18:43:39

Error: 91
Descripcion: Variable de tipo Object o la variable de bloque With no está establecida
Linea: 0
Componente: clsAudio.LoadWave
Fecha y Hora: 04-14-2021-18:43:51

Error: 91
Descripcion: Variable de tipo Object o la variable de bloque With no está establecida
Linea: 0
Componente: clsAudio.LoadWave
Fecha y Hora: 04-14-2021-18:44:03

Error: 91
Descripcion: Variable de tipo Object o la variable de bloque With no está establecida
Linea: 0
Componente: clsAudio.LoadWave
Fecha y Hora: 04-14-2021-18:44:15

Error: 91
Descripcion: Variable de tipo Object o la variable de bloque With no está establecida
Linea: 0
Componente: clsAudio.LoadWave
Fecha y Hora: 04-14-2021-18:44:27

