Línea 331: la clase MSWinsockLib.Winsock del control WSock no era una clase de control cargada.
Línea 481: la clase MBProgressBar.ProgressBar del control Experiencia no era una clase de control cargada.
Línea 507: la clase MBProgressBar.ProgressBar del control bar_salud no era una clase de control cargada.
Línea 534: la clase MBProgressBar.ProgressBar del control Bar_Mana no era una clase de control cargada.
Línea 561: la clase MBProgressBar.ProgressBar del control bar_sta no era una clase de control cargada.
Línea 588: la clase MBProgressBar.ProgressBar del control Bar_Agua no era una clase de control cargada.
Línea 615: la clase MBProgressBar.ProgressBar del control bar_comida no era una clase de control cargada.
Línea 334: el nombre de la propiedad _ExtentX de WSock no es válido.
Línea 335: el nombre de la propiedad _ExtentY de WSock no es válido.
Línea 336: el nombre de la propiedad _Version de WSock no es válido.
Línea 487: el nombre de la propiedad _ExtentX de Experiencia no es válido.
Línea 488: el nombre de la propiedad _ExtentY de Experiencia no es válido.
Línea 490: el nombre de la propiedad Value de Experiencia no es válido.
Línea 491: el nombre de la propiedad Percentage de Experiencia no es válido.
Línea 492: el nombre de la propiedad Smooth de Experiencia no es válido.
Línea 502: el nombre de la propiedad BackPicture de Experiencia no es válido.
Línea 503: el nombre de la propiedad BarPicture de Experiencia no es válido.
Línea 504: el nombre de la propiedad TextAfterCaption de Experiencia no es válido.
Línea 505: el nombre de la propiedad Style de Experiencia no es válido.
Línea 513: el nombre de la propiedad _ExtentX de bar_salud no es válido.
Línea 514: el nombre de la propiedad _ExtentY de bar_salud no es válido.
Línea 516: el nombre de la propiedad CaptionType de bar_salud no es válido.
Línea 517: el nombre de la propiedad Value de bar_salud no es válido.
Línea 518: el nombre de la propiedad Percentage de bar_salud no es válido.
Línea 519: el nombre de la propiedad Smooth de bar_salud no es válido.
Línea 520: el nombre de la propiedad TextColor de bar_salud no es válido.
Línea 530: el nombre de la propiedad BackPicture de bar_salud no es válido.
Línea 531: el nombre de la propiedad BarPicture de bar_salud no es válido.
Línea 532: el nombre de la propiedad Style de bar_salud no es válido.
Línea 540: el nombre de la propiedad _ExtentX de Bar_Mana no es válido.
Línea 541: el nombre de la propiedad _ExtentY de Bar_Mana no es válido.
Línea 543: el nombre de la propiedad CaptionType de Bar_Mana no es válido.
Línea 544: el nombre de la propiedad Value de Bar_Mana no es válido.
Línea 545: el nombre de la propiedad Percentage de Bar_Mana no es válido.
Línea 546: el nombre de la propiedad Smooth de Bar_Mana no es válido.
Línea 547: el nombre de la propiedad TextColor de Bar_Mana no es válido.
Línea 557: el nombre de la propiedad BackPicture de Bar_Mana no es válido.
Línea 558: el nombre de la propiedad BarPicture de Bar_Mana no es válido.
Línea 559: el nombre de la propiedad Style de Bar_Mana no es válido.
Línea 567: el nombre de la propiedad _ExtentX de bar_sta no es válido.
Línea 568: el nombre de la propiedad _ExtentY de bar_sta no es válido.
Línea 570: el nombre de la propiedad CaptionType de bar_sta no es válido.
Línea 571: el nombre de la propiedad Value de bar_sta no es válido.
Línea 572: el nombre de la propiedad Percentage de bar_sta no es válido.
Línea 573: el nombre de la propiedad Smooth de bar_sta no es válido.
Línea 574: el nombre de la propiedad TextColor de bar_sta no es válido.
Línea 584: el nombre de la propiedad BackPicture de bar_sta no es válido.
Línea 585: el nombre de la propiedad BarPicture de bar_sta no es válido.
Línea 586: el nombre de la propiedad Style de bar_sta no es válido.
Línea 594: el nombre de la propiedad _ExtentX de Bar_Agua no es válido.
Línea 595: el nombre de la propiedad _ExtentY de Bar_Agua no es válido.
Línea 597: el nombre de la propiedad CaptionType de Bar_Agua no es válido.
Línea 598: el nombre de la propiedad Value de Bar_Agua no es válido.
Línea 599: el nombre de la propiedad Percentage de Bar_Agua no es válido.
Línea 600: el nombre de la propiedad Smooth de Bar_Agua no es válido.
Línea 601: el nombre de la propiedad TextColor de Bar_Agua no es válido.
Línea 611: el nombre de la propiedad BackPicture de Bar_Agua no es válido.
Línea 612: el nombre de la propiedad BarPicture de Bar_Agua no es válido.
Línea 613: el nombre de la propiedad Style de Bar_Agua no es válido.
Línea 621: el nombre de la propiedad _ExtentX de bar_comida no es válido.
Línea 622: el nombre de la propiedad _ExtentY de bar_comida no es válido.
Línea 624: el nombre de la propiedad CaptionType de bar_comida no es válido.
Línea 625: el nombre de la propiedad Value de bar_comida no es válido.
Línea 626: el nombre de la propiedad Percentage de bar_comida no es válido.
Línea 627: el nombre de la propiedad Smooth de bar_comida no es válido.
Línea 628: el nombre de la propiedad TextColor de bar_comida no es válido.
Línea 638: el nombre de la propiedad BackPicture de bar_comida no es válido.
Línea 639: el nombre de la propiedad BarPicture de bar_comida no es válido.
Línea 640: el nombre de la propiedad Style de bar_comida no es válido.
