Línea 105: la clase MSComctlLib.ListView del control ListView1 no era una clase de control cargada.
Línea 157: la clase MSComctlLib.ListView del control ListView2 no era una clase de control cargada.
Línea 111: el nombre de la propiedad _ExtentX de ListView1 no es válido.
Línea 112: el nombre de la propiedad _ExtentY de ListView1 no es válido.
Línea 113: el nombre de la propiedad View de ListView1 no es válido.
Línea 114: el nombre de la propiedad LabelEdit de ListView1 no es válido.
Línea 115: el nombre de la propiedad LabelWrap de ListView1 no es válido.
Línea 116: el nombre de la propiedad HideSelection de ListView1 no es válido.
Línea 117: el nombre de la propiedad HideColumnHeaders de ListView1 no es válido.
Línea 118: el nombre de la propiedad TextBackground de ListView1 no es válido.
Línea 119: el nombre de la propiedad _Version de ListView1 no es válido.
Línea 132: el nombre de la propiedad NumItems de ListView1 no es válido.
Línea 136: el nombre de la propiedad ColumnHeader(1) de ListView1 no es válido.
Línea 142: el nombre de la propiedad ColumnHeader(2) de ListView1 no es válido.
Línea 148: el nombre de la propiedad ColumnHeader(3) de ListView1 no es válido.
Línea 154: el nombre de la propiedad ColumnHeader(4) de ListView1 no es válido.
Línea 105: no se pudo establecer la propiedad Picture de ListView1.
Línea 163: el nombre de la propiedad _ExtentX de ListView2 no es válido.
Línea 164: el nombre de la propiedad _ExtentY de ListView2 no es válido.
Línea 165: el nombre de la propiedad View de ListView2 no es válido.
Línea 166: el nombre de la propiedad LabelEdit de ListView2 no es válido.
Línea 167: el nombre de la propiedad LabelWrap de ListView2 no es válido.
Línea 168: el nombre de la propiedad HideSelection de ListView2 no es válido.
Línea 169: el nombre de la propiedad HideColumnHeaders de ListView2 no es válido.
Línea 170: el nombre de la propiedad FlatScrollBar de ListView2 no es válido.
Línea 171: el nombre de la propiedad _Version de ListView2 no es válido.
Línea 184: el nombre de la propiedad NumItems de ListView2 no es válido.
Línea 188: el nombre de la propiedad ColumnHeader(1) de ListView2 no es válido.
Línea 194: el nombre de la propiedad ColumnHeader(2) de ListView2 no es válido.
Línea 200: el nombre de la propiedad ColumnHeader(3) de ListView2 no es válido.
Línea 206: el nombre de la propiedad ColumnHeader(4) de ListView2 no es válido.
Línea 157: no se pudo establecer la propiedad Picture de ListView2.
